Handleliste/app/build/intermediates/manifest_merge_blame_file/debug/manifest-merger-blame-debug-report.txt
1<?xml version="1.0" encoding="utf-8"?>
2<manifest xmlns:android="http://schemas.android.com/apk/res/android"
3    package="com.example.todolistapp"
4    android:versionCode="1"
5    android:versionName="1.0" >
6
7    <uses-sdk
8        android:minSdkVersion="23"
8-->src\main\AndroidManifest.xml
9        android:targetSdkVersion="30" />
9-->src\main\AndroidManifest.xml
10
11    <uses-permission android:name="android.permission.INTERNET" />
11-->src\main\AndroidManifest.xml:5:5-67
11-->src\main\AndroidManifest.xml:5:22-64
12
13    <!-- Although the *SdkVersion is captured in gradle build files, this is required for non gradle builds -->
14    <!-- <uses-sdk android:minSdkVersion="14"/> -->
15    <uses-permission android:name="android.permission.ACCESS_NETWORK_STATE" />
15-->[com.google.firebase:firebase-database:19.7.0] AndroidManifest.xml:25:5-79
15-->[com.google.firebase:firebase-database:19.7.0] AndroidManifest.xml:25:22-76
16
17    <application
17-->src\main\AndroidManifest.xml:7:5-30:19
18        android:allowBackup="true"
18-->src\main\AndroidManifest.xml:8:9-35
19        android:appComponentFactory="androidx.core.app.CoreComponentFactory"
19-->[androidx.core:core:1.3.2] AndroidManifest.xml:24:18-86
20        android:debuggable="true"
21        android:extractNativeLibs="false"
22        android:icon="@drawable/ic_to_do_list"
22-->src\main\AndroidManifest.xml:9:9-47
23        android:label="@string/app_name"
23-->src\main\AndroidManifest.xml:10:9-41
24        android:roundIcon="@drawable/ic_to_do_list"
24-->src\main\AndroidManifest.xml:11:9-52
25        android:supportsRtl="true"
25-->src\main\AndroidManifest.xml:12:9-35
26        android:testOnly="true"
27        android:theme="@style/Theme.ToDoListApp" >
27-->src\main\AndroidManifest.xml:13:9-49
28        <activity
28-->src\main\AndroidManifest.xml:15:9-23:20
29            android:name="com.example.todolistapp.activitys.SplashActivity"
29-->src\main\AndroidManifest.xml:16:13-53
30            android:screenOrientation="portrait" >
30-->src\main\AndroidManifest.xml:17:13-49
31            <intent-filter>
31-->src\main\AndroidManifest.xml:18:13-22:29
32                <action android:name="android.intent.action.MAIN" />
32-->src\main\AndroidManifest.xml:19:17-69
32-->src\main\AndroidManifest.xml:19:25-66
33
34                <category android:name="android.intent.category.LAUNCHER" />
34-->src\main\AndroidManifest.xml:21:17-77
34-->src\main\AndroidManifest.xml:21:27-74
35            </intent-filter>
36        </activity>
37        <activity
37-->src\main\AndroidManifest.xml:24:9-26:52
38            android:name="com.example.todolistapp.activitys.ListingActivity"
38-->src\main\AndroidManifest.xml:25:13-54
39            android:screenOrientation="portrait" />
39-->src\main\AndroidManifest.xml:26:13-49
40        <activity
40-->src\main\AndroidManifest.xml:27:9-29:52
41            android:name="com.example.todolistapp.activitys.ItemDetailActivity"
41-->src\main\AndroidManifest.xml:28:13-57
42            android:screenOrientation="portrait" />
42-->src\main\AndroidManifest.xml:29:13-49
43
44        <service
44-->[com.google.firebase:firebase-database:19.7.0] AndroidManifest.xml:29:9-35:19
45            android:name="com.google.firebase.components.ComponentDiscoveryService"
45-->[com.google.firebase:firebase-database:19.7.0] AndroidManifest.xml:30:13-84
46            android:directBootAware="true"
46-->[com.google.firebase:firebase-common:19.5.0] AndroidManifest.xml:35:13-43
47            android:exported="false" >
47-->[com.google.firebase:firebase-database:19.7.0] AndroidManifest.xml:31:13-37
48            <meta-data
48-->[com.google.firebase:firebase-database:19.7.0] AndroidManifest.xml:32:13-34:85
49                android:name="com.google.firebase.components:com.google.firebase.database.DatabaseRegistrar"
49-->[com.google.firebase:firebase-database:19.7.0] AndroidManifest.xml:33:17-109
50                android:value="com.google.firebase.components.ComponentRegistrar" />
50-->[com.google.firebase:firebase-database:19.7.0] AndroidManifest.xml:34:17-82
51            <!--
52                This registrar is not defined in the dynamic-module-support sdk itself to allow non-firebase
53                clients to use it as well, by defining this registrar in their own core/common library.
54            -->
55            <meta-data
55-->[com.google.firebase:firebase-common:19.5.0] AndroidManifest.xml:43:13-45:85
56                android:name="com.google.firebase.components:com.google.firebase.dynamicloading.DynamicLoadingRegistrar"
56-->[com.google.firebase:firebase-common:19.5.0] AndroidManifest.xml:44:17-121
57                android:value="com.google.firebase.components.ComponentRegistrar" />
57-->[com.google.firebase:firebase-common:19.5.0] AndroidManifest.xml:45:17-82
58        </service>
59
60        <activity
60-->[com.google.android.gms:play-services-base:17.0.0] AndroidManifest.xml:23:9-26:75
61            android:name="com.google.android.gms.common.api.GoogleApiActivity"
61-->[com.google.android.gms:play-services-base:17.0.0] AndroidManifest.xml:24:13-79
62            android:exported="false"
62-->[com.google.android.gms:play-services-base:17.0.0] AndroidManifest.xml:25:13-37
63            android:theme="@android:style/Theme.Translucent.NoTitleBar" />
63-->[com.google.android.gms:play-services-base:17.0.0] AndroidManifest.xml:26:13-72
64
65        <provider
65-->[com.google.firebase:firebase-common:19.5.0] AndroidManifest.xml:26:9-31:39
66            android:name="com.google.firebase.provider.FirebaseInitProvider"
66-->[com.google.firebase:firebase-common:19.5.0] AndroidManifest.xml:27:13-77
67            android:authorities="com.example.todolistapp.firebaseinitprovider"
67-->[com.google.firebase:firebase-common:19.5.0] AndroidManifest.xml:28:13-72
68            android:directBootAware="true"
68-->[com.google.firebase:firebase-common:19.5.0] AndroidManifest.xml:29:13-43
69            android:exported="false"
69-->[com.google.firebase:firebase-common:19.5.0] AndroidManifest.xml:30:13-37
70            android:initOrder="100" />
70-->[com.google.firebase:firebase-common:19.5.0] AndroidManifest.xml:31:13-36
71
72        <meta-data
72-->[com.google.android.gms:play-services-basement:17.0.0] AndroidManifest.xml:23:9-25:69
73            android:name="com.google.android.gms.version"
73-->[com.google.android.gms:play-services-basement:17.0.0] AndroidManifest.xml:24:13-58
74            android:value="@integer/google_play_services_version" />
74-->[com.google.android.gms:play-services-basement:17.0.0] AndroidManifest.xml:25:13-66
75    </application>
76
77</manifest>